<?xml version="1.0" encoding="UTF-8"?>
<!-- Generated by org.testng.reporters.JUnitXMLReporter -->
<testsuite ignored="0" hostname="DESKTOP-LJG6DCF" failures="0" tests="3" name="Test" time="37.988" errors="0" timestamp="2024-06-03T10:08:16 IST">
  <testcase classname="com.SwagLabs.TestCases.OverviewPageTest" name="verifyUrl" time="0.041"/>
  <testcase classname="com.SwagLabs.TestCases.OverviewPageTest" name="verifyProductDetails" time="0.058"/>
  <testcase classname="com.SwagLabs.TestCases.OverviewPageTest" name="verifyCompleteProcess" time="0.185"/>
</testsuite> <!-- Test -->
