<?xml version="1.0" encoding="UTF-8"?>
<testng-results ignored="0" total="3" passed="3" failed="0" skipped="0">
  <reporter-output>
  </reporter-output>
  <suite started-at="2024-06-03T10:07:37 IST" name="Suite" finished-at="2024-06-03T10:08:15 IST" duration-ms="37988">
    <groups>
    </groups>
    <test started-at="2024-06-03T10:07:37 IST" name="Test" finished-at="2024-06-03T10:08:15 IST" duration-ms="37988">
      <class name="com.SwagLabs.TestCases.OverviewPageTest">
        <test-method is-config="true" signature="AppSetUp()[pri:0, instance:com.SwagLabs.TestCases.OverviewPageTest@48e1f6c7]" started-at="2024-06-03T10:07:37 IST" name="AppSetUp" finished-at="2024-06-03T10:07:55 IST" duration-ms="18190" status="PASS">
          <reporter-output>
          </reporter-output>
        </test-method> <!-- AppSetUp -->
        <test-method is-config="true" signature="pageSetUp()[pri:0, instance:com.SwagLabs.TestCases.OverviewPageTest@48e1f6c7]" started-at="2024-06-03T10:07:55 IST" name="pageSetUp" finished-at="2024-06-03T10:08:14 IST" duration-ms="19411" status="PASS">
          <reporter-output>
          </reporter-output>
        </test-method> <!-- pageSetUp -->
        <test-method signature="verifyUrl()[pri:1, instance:com.SwagLabs.TestCases.OverviewPageTest@48e1f6c7]" started-at="2024-06-03T10:08:14 IST" name="verifyUrl" finished-at="2024-06-03T10:08:15 IST" duration-ms="41" status="PASS">
          <reporter-output>
          </reporter-output>
        </test-method> <!-- verifyUrl -->
        <test-method signature="verifyProductDetails()[pri:2, instance:com.SwagLabs.TestCases.OverviewPageTest@48e1f6c7]" started-at="2024-06-03T10:08:15 IST" name="verifyProductDetails" finished-at="2024-06-03T10:08:15 IST" duration-ms="58" status="PASS">
          <reporter-output>
          </reporter-output>
        </test-method> <!-- verifyProductDetails -->
        <test-method signature="verifyCompleteProcess()[pri:3, instance:com.SwagLabs.TestCases.OverviewPageTest@48e1f6c7]" started-at="2024-06-03T10:08:15 IST" name="verifyCompleteProcess" finished-at="2024-06-03T10:08:15 IST" duration-ms="185" status="PASS">
          <reporter-output>
          </reporter-output>
        </test-method> <!-- verifyCompleteProcess -->
      </class> <!-- com.SwagLabs.TestCases.OverviewPageTest -->
    </test> <!-- Test -->
  </suite> <!-- Suite -->
</testng-results>
